<?xml version="1.0" encoding="UTF-8"?>
<robot generator="Robot 5.0.1 (Python 3.9.7 on win32)" generated="20220823 12:40:46.356" rpa="false" schemaversion="3">
<suite id="s1" name="TC1" source="C:\Users\396973\PycharmProjects\RobotAutomation\TestCases\TC1.robot">
<test id="s1-t1" name="LoginTest" line="10">
<kw name="Open Browser" library="SeleniumLibrary">
<arg>${url}</arg>
<arg>${browser}</arg>
<doc>Opens a new browser instance to the optional ``url``.</doc>
<msg timestamp="20220823 12:40:46.577" level="INFO">Opening browser 'Chrome' to base url 'https://demo.nopcommerce.com/'.</msg>
<status status="PASS" starttime="20220823 12:40:46.577" endtime="20220823 12:40:48.945"/>
</kw>
<kw name="loginToApplication">
<kw name="Maximize Browser Window" library="SeleniumLibrary">
<doc>Maximizes current browser window.</doc>
<status status="PASS" starttime="20220823 12:40:48.945" endtime="20220823 12:40:49.077"/>
</kw>
<kw name="Click Link" library="SeleniumLibrary">
<arg>class:ico-login</arg>
<doc>Clicks a link identified by ``locator``.</doc>
<msg timestamp="20220823 12:40:49.078" level="INFO">Clicking link 'class:ico-login'.</msg>
<status status="PASS" starttime="20220823 12:40:49.077" endtime="20220823 12:40:50.997"/>
</kw>
<kw name="Input Text" library="SeleniumLibrary">
<arg>id:Email</arg>
<arg>saurabhdubeyaws@gmail.com</arg>
<doc>Types the given ``text`` into the text field identified by ``locator``.</doc>
<msg timestamp="20220823 12:40:50.999" level="INFO">Typing text 'saurabhdubeyaws@gmail.com' into text field 'id:Email'.</msg>
<status status="PASS" starttime="20220823 12:40:50.997" endtime="20220823 12:40:51.082"/>
</kw>
<kw name="Input Text" library="SeleniumLibrary">
<arg>id:Password</arg>
<arg>test123</arg>
<doc>Types the given ``text`` into the text field identified by ``locator``.</doc>
<msg timestamp="20220823 12:40:51.082" level="INFO">Typing text 'test123' into text field 'id:Password'.</msg>
<status status="PASS" starttime="20220823 12:40:51.082" endtime="20220823 12:40:51.159"/>
</kw>
<kw name="Click Element" library="SeleniumLibrary">
<arg>xpath:/html/body/div[6]/div[3]/div/div/div/div[2]/div[1]/div[2]/form/div[3]/button</arg>
<doc>Click the element identified by ``locator``.</doc>
<msg timestamp="20220823 12:40:51.159" level="INFO">Clicking element 'xpath:/html/body/div[6]/div[3]/div/div/div/div[2]/div[1]/div[2]/form/div[3]/button'.</msg>
<status status="PASS" starttime="20220823 12:40:51.159" endtime="20220823 12:40:51.903"/>
</kw>
<status status="PASS" starttime="20220823 12:40:48.945" endtime="20220823 12:40:51.903"/>
</kw>
<kw name="Close Browser" library="SeleniumLibrary">
<doc>Closes the current browser.</doc>
<status status="PASS" starttime="20220823 12:40:51.904" endtime="20220823 12:40:54.060"/>
</kw>
<status status="PASS" starttime="20220823 12:40:46.576" endtime="20220823 12:40:54.061"/>
</test>
<status status="PASS" starttime="20220823 12:40:46.358" endtime="20220823 12:40:54.062"/>
</suite>
<statistics>
<total>
<stat pass="1" fail="0" skip="0">All Tests</stat>
</total>
<tag>
</tag>
<suite>
<stat pass="1" fail="0" skip="0" id="s1" name="TC1">TC1</stat>
</suite>
</statistics>
<errors>
</errors>
</robot>
