<?xml version="1.0" encoding="UTF-8"?>
<robot generator="Robot 5.0.1 (Python 3.9.7 on win32)" generated="20220823 11:26:41.088" rpa="false" schemaversion="3">
<suite id="s1" name="TC1" source="C:\Users\396973\PycharmProjects\Automation\TestCases\TC1.robot">
<test id="s1-t1" name="LoginTest" line="11">
<kw name="Open Browser" library="SeleniumLibrary">
<arg>${url}</arg>
<arg>${browser}</arg>
<doc>Opens a new browser instance to the optional ``url``.</doc>
<msg timestamp="20220823 11:26:41.307" level="INFO">Opening browser 'chrome' to base url 'https://demo.nopcommerce.com/'.</msg>
<status status="PASS" starttime="20220823 11:26:41.307" endtime="20220823 11:26:45.138"/>
</kw>
<kw name="loginToApplication">
<kw name="Click Link" library="SeleniumLibrary">
<arg>class:ico-login</arg>
<doc>Clicks a link identified by ``locator``.</doc>
<msg timestamp="20220823 11:26:45.139" level="INFO">Clicking link 'class:ico-login'.</msg>
<status status="PASS" starttime="20220823 11:26:45.139" endtime="20220823 11:26:46.669"/>
</kw>
<kw name="Input Text" library="SeleniumLibrary">
<arg>id:Email</arg>
<arg>saurabhdubeyaws@gmail.com</arg>
<doc>Types the given ``text`` into the text field identified by ``locator``.</doc>
<msg timestamp="20220823 11:26:46.670" level="INFO">Typing text 'saurabhdubeyaws@gmail.com' into text field 'id:Email'.</msg>
<status status="PASS" starttime="20220823 11:26:46.670" endtime="20220823 11:26:46.749"/>
</kw>
<kw name="Input Text" library="SeleniumLibrary">
<arg>id:Password</arg>
<arg>test123</arg>
<doc>Types the given ``text`` into the text field identified by ``locator``.</doc>
<msg timestamp="20220823 11:26:46.750" level="INFO">Typing text 'test123' into text field 'id:Password'.</msg>
<status status="PASS" starttime="20220823 11:26:46.749" endtime="20220823 11:26:46.822"/>
</kw>
<kw name="Click Element" library="SeleniumLibrary">
<arg>xpath:/html/body/div[6]/div[3]/div/div/div/div[2]/div[1]/div[2]/form/div[3]/button</arg>
<doc>Click the element identified by ``locator``.</doc>
<msg timestamp="20220823 11:26:46.823" level="INFO">Clicking element 'xpath:/html/body/div[6]/div[3]/div/div/div/div[2]/div[1]/div[2]/form/div[3]/button'.</msg>
<status status="PASS" starttime="20220823 11:26:46.822" endtime="20220823 11:26:48.554"/>
</kw>
<status status="PASS" starttime="20220823 11:26:45.139" endtime="20220823 11:26:48.554"/>
</kw>
<kw name="Close Browser" library="SeleniumLibrary">
<doc>Closes the current browser.</doc>
<status status="PASS" starttime="20220823 11:26:48.555" endtime="20220823 11:26:50.691"/>
</kw>
<status status="PASS" starttime="20220823 11:26:41.307" endtime="20220823 11:26:50.691"/>
</test>
<status status="PASS" starttime="20220823 11:26:41.089" endtime="20220823 11:26:50.691"/>
</suite>
<statistics>
<total>
<stat pass="1" fail="0" skip="0">All Tests</stat>
</total>
<tag>
</tag>
<suite>
<stat pass="1" fail="0" skip="0" id="s1" name="TC1">TC1</stat>
</suite>
</statistics>
<errors>
</errors>
</robot>
